app/build/intermediates/manifest_merge_blame_file/debug/manifest-merger-blame-debug-report.txt
1<?xml version="1.0" encoding="utf-8"?>
2<manifest xmlns:android="http://schemas.android.com/apk/res/android"
3    package="com.murtuza.paging3"
4    android:versionCode="1"
5    android:versionName="1.0" >
6
7    <uses-sdk
8        android:minSdkVersion="23"
8-->src/main/AndroidManifest.xml
9        android:targetSdkVersion="30" />
9-->src/main/AndroidManifest.xml
10
11    <uses-permission android:name="android.permission.INTERNET" />
11-->src/main/AndroidManifest.xml:5:5-66
11-->src/main/AndroidManifest.xml:5:22-64
12
13    <application
13-->src/main/AndroidManifest.xml:7:5-21:19
14        android:allowBackup="true"
14-->src/main/AndroidManifest.xml:8:9-35
15        android:appComponentFactory="androidx.core.app.CoreComponentFactory"
15-->[androidx.core:core:1.3.2] AndroidManifest.xml:24:18-86
16        android:debuggable="true"
17        android:extractNativeLibs="false"
18        android:icon="@mipmap/ic_launcher"
18-->src/main/AndroidManifest.xml:9:9-43
19        android:label="@string/app_name"
19-->src/main/AndroidManifest.xml:10:9-41
20        android:roundIcon="@mipmap/ic_launcher_round"
20-->src/main/AndroidManifest.xml:11:9-54
21        android:supportsRtl="true"
21-->src/main/AndroidManifest.xml:12:9-35
22        android:testOnly="true"
23        android:theme="@style/Theme.Paging3" >
23-->src/main/AndroidManifest.xml:13:9-45
24        <activity android:name="com.murtuza.paging3.MainActivity" >
24-->src/main/AndroidManifest.xml:14:9-20:20
24-->src/main/AndroidManifest.xml:14:19-47
25            <intent-filter>
25-->src/main/AndroidManifest.xml:15:13-19:29
26                <action android:name="android.intent.action.MAIN" />
26-->src/main/AndroidManifest.xml:16:17-69
26-->src/main/AndroidManifest.xml:16:25-66
27
28                <category android:name="android.intent.category.LAUNCHER" />
28-->src/main/AndroidManifest.xml:18:17-77
28-->src/main/AndroidManifest.xml:18:27-74
29            </intent-filter>
30        </activity>
31
32        <service
32-->[androidx.room:room-runtime:2.3.0-alpha02] AndroidManifest.xml:25:9-28:40
33            android:name="androidx.room.MultiInstanceInvalidationService"
33-->[androidx.room:room-runtime:2.3.0-alpha02] AndroidManifest.xml:26:13-74
34            android:directBootAware="true"
34-->[androidx.room:room-runtime:2.3.0-alpha02] AndroidManifest.xml:27:13-43
35            android:exported="false" />
35-->[androidx.room:room-runtime:2.3.0-alpha02] AndroidManifest.xml:28:13-37
36
37        <provider
37-->[androidx.lifecycle:lifecycle-process:2.2.0] AndroidManifest.xml:25:9-29:43
38            android:name="androidx.lifecycle.ProcessLifecycleOwnerInitializer"
38-->[androidx.lifecycle:lifecycle-process:2.2.0] AndroidManifest.xml:26:13-79
39            android:authorities="com.murtuza.paging3.lifecycle-process"
39-->[androidx.lifecycle:lifecycle-process:2.2.0] AndroidManifest.xml:27:13-69
40            android:exported="false"
40-->[androidx.lifecycle:lifecycle-process:2.2.0] AndroidManifest.xml:28:13-37
41            android:multiprocess="true" />
41-->[androidx.lifecycle:lifecycle-process:2.2.0] AndroidManifest.xml:29:13-40
42    </application>
43
44</manifest>